This file contains any messages produced by compilers while
running configure, to aid debugging if configure makes a mistake.

It was created by dylandotnet-collections configure 11.2.8.9, which was
generated by GNU Autoconf 2.68.  Invocation command line was

  $ configure 

## --------- ##
## Platform. ##
## --------- ##

hostname = ubuntu-server
uname -m = i686
uname -r = 3.2.0-21-generic-pae
uname -s = Linux
uname -v = #34-Ubuntu SMP Thu Mar 29 22:33:16 UTC 2012

/usr/bin/uname -p = unknown
/bin/uname -X     = unknown

/bin/arch              = unknown
/usr/bin/arch -k       = unknown
/usr/convex/getsysinfo = unknown
/usr/bin/hostinfo      = unknown
/bin/machine           = unknown
/usr/bin/oslevel       = unknown
/bin/universe          = unknown

PATH: /usr/local/sbin
PATH: /usr/local/bin
PATH: /usr/sbin
PATH: /usr/bin
PATH: /sbin
PATH: /bin
PATH: /usr/games


## ----------- ##
## Core tests. ##
## ----------- ##

configure:1744: checking build system type
configure:1758: result: i686-pc-linux-gnu
configure:1778: checking host system type
configure:1791: result: i686-pc-linux-gnu
configure:1811: checking target system type
configure:1824: result: i686-pc-linux-gnu
configure:1867: checking for a BSD-compatible install
configure:1935: result: /usr/bin/install -c
configure:1946: checking whether build environment is sane
configure:1996: result: yes
configure:2137: checking for a thread-safe mkdir -p
configure:2176: result: /bin/mkdir -p
configure:2189: checking for gawk
configure:2205: found /usr/bin/gawk
configure:2216: result: gawk
configure:2227: checking whether make sets $(MAKE)
configure:2249: result: yes
configure:2330: checking whether to enable maintainer-specific portions of Makefiles
configure:2339: result: no
configure:2357: checking for pkg-config
configure:2375: found /usr/bin/pkg-config
configure:2388: result: /usr/bin/pkg-config
configure:2402: checking for mono
configure:2420: found /usr/bin/mono
configure:2433: result: /usr/bin/mono
configure:2447: checking for dylandotnet
configure:2465: found /usr/bin/dylandotnet
configure:2478: result: /usr/bin/dylandotnet
configure:2494: checking for dylandotnet4
configure:2512: found /usr/bin/dylandotnet4
configure:2525: result: /usr/bin/dylandotnet4
configure:2540: checking for mdoc
configure:2558: found /usr/bin/mdoc
configure:2571: result: /usr/bin/mdoc
configure:2742: creating ./config.status

## ---------------------- ##
## Running config.status. ##
## ---------------------- ##

This file was extended by dylandotnet-collections config.status 11.2.8.9, which was
generated by GNU Autoconf 2.68.  Invocation command line was

  CONFIG_FILES    = 
  CONFIG_HEADERS  = 
  CONFIG_LINKS    = 
  CONFIG_COMMANDS = 
  $ ./config.status 

on ubuntu-server

config.status:771: creating Makefile

## ---------------- ##
## Cache variables. ##
## ---------------- ##

ac_cv_build=i686-pc-linux-gnu
ac_cv_env_build_alias_set=
ac_cv_env_build_alias_value=
ac_cv_env_host_alias_set=
ac_cv_env_host_alias_value=
ac_cv_env_target_alias_set=
ac_cv_env_target_alias_value=
ac_cv_host=i686-pc-linux-gnu
ac_cv_path_DYLANDOTNET4=/usr/bin/dylandotnet4
ac_cv_path_DYLANDOTNET=/usr/bin/dylandotnet
ac_cv_path_MDOC=/usr/bin/mdoc
ac_cv_path_MONO=/usr/bin/mono
ac_cv_path_PKG_CONFIG=/usr/bin/pkg-config
ac_cv_path_install='/usr/bin/install -c'
ac_cv_path_mkdir=/bin/mkdir
ac_cv_prog_AWK=gawk
ac_cv_prog_make_make_set=yes
ac_cv_target=i686-pc-linux-gnu

## ----------------- ##
## Output variables. ##
## ----------------- ##

ACLOCAL='${SHELL} /var/www/Code/dylannet/dncollections/missing --run aclocal-1.11'
AMTAR='$${TAR-tar}'
AUTOCONF='${SHELL} /var/www/Code/dylannet/dncollections/missing --run autoconf'
AUTOHEADER='${SHELL} /var/www/Code/dylannet/dncollections/missing --run autoheader'
AUTOMAKE='${SHELL} /var/www/Code/dylannet/dncollections/missing --run automake-1.11'
AWK='gawk'
CYGPATH_W='echo'
DEFS='-DPACKAGE_NAME=\"dylandotnet-collections\" -DPACKAGE_TARNAME=\"dylandotnet-collections\" -DPACKAGE_VERSION=\"11.2.8.9\" -DPACKAGE_STRING=\"dylandotnet-collections\ 11.2.8.9\" -DPACKAGE_BUGREPORT=\"borgdylan@hotmail.com\" -DPACKAGE_URL=\"\" -DPACKAGE=\"dylandotnet-collections\" -DVERSION=\"11.2.8.9\"'
DYLANDOTNET4='/usr/bin/dylandotnet4'
DYLANDOTNET='/usr/bin/dylandotnet'
ECHO_C=''
ECHO_N='-n'
ECHO_T=''
INSTALL_DATA='${INSTALL} -m 644'
INSTALL_PROGRAM='${INSTALL}'
INSTALL_SCRIPT='${INSTALL}'
INSTALL_STRIP_PROGRAM='$(install_sh) -c -s'
LIBOBJS=''
LIBS=''
LTLIBOBJS=''
MAINT='#'
MAINTAINER_MODE_FALSE=''
MAINTAINER_MODE_TRUE='#'
MAKEINFO='${SHELL} /var/www/Code/dylannet/dncollections/missing --run makeinfo'
MDOC='/usr/bin/mdoc'
MKDIR_P='/bin/mkdir -p'
MONO='/usr/bin/mono'
PACKAGE='dylandotnet-collections'
PACKAGE_BUGREPORT='borgdylan@hotmail.com'
PACKAGE_NAME='dylandotnet-collections'
PACKAGE_STRING='dylandotnet-collections 11.2.8.9'
PACKAGE_TARNAME='dylandotnet-collections'
PACKAGE_URL=''
PACKAGE_VERSION='11.2.8.9'
PATH_SEPARATOR=':'
PKG_CONFIG='/usr/bin/pkg-config'
SET_MAKE=''
SHELL='/bin/bash'
STRIP=''
VERSION='11.2.8.9'
am__isrc=''
am__leading_dot='.'
am__tar='$${TAR-tar} chof - "$$tardir"'
am__untar='$${TAR-tar} xf -'
bindir='${exec_prefix}/bin'
build='i686-pc-linux-gnu'
build_alias=''
build_cpu='i686'
build_os='linux-gnu'
build_vendor='pc'
datadir='${datarootdir}'
datarootdir='${prefix}/share'
docdir='${datarootdir}/doc/${PACKAGE_TARNAME}'
dvidir='${docdir}'
exec_prefix='${prefix}'
host='i686-pc-linux-gnu'
host_alias=''
host_cpu='i686'
host_os='linux-gnu'
host_vendor='pc'
htmldir='${docdir}'
includedir='${prefix}/include'
infodir='${datarootdir}/info'
install_sh='${SHELL} /var/www/Code/dylannet/dncollections/install-sh'
libdir='${exec_prefix}/lib'
libexecdir='${exec_prefix}/libexec'
localedir='${datarootdir}/locale'
localstatedir='${prefix}/var'
mandir='${datarootdir}/man'
mkdir_p='/bin/mkdir -p'
oldincludedir='/usr/include'
pdfdir='${docdir}'
prefix='/usr/local'
program_transform_name='s,x,x,'
psdir='${docdir}'
sbindir='${exec_prefix}/sbin'
sharedstatedir='${prefix}/com'
sysconfdir='${prefix}/etc'
target='i686-pc-linux-gnu'
target_alias=''
target_cpu='i686'
target_os='linux-gnu'
target_vendor='pc'

## ----------- ##
## confdefs.h. ##
## ----------- ##

/* confdefs.h */
#define PACKAGE_NAME "dylandotnet-collections"
#define PACKAGE_TARNAME "dylandotnet-collections"
#define PACKAGE_VERSION "11.2.8.9"
#define PACKAGE_STRING "dylandotnet-collections 11.2.8.9"
#define PACKAGE_BUGREPORT "borgdylan@hotmail.com"
#define PACKAGE_URL ""
#define PACKAGE "dylandotnet-collections"
#define VERSION "11.2.8.9"

configure: exit 0
