This file contains any messages produced by compilers while
running configure, to aid debugging if configure makes a mistake.

It was created by dylandotnet-lzw configure 1.2.0.0, which was
generated by GNU Autoconf 2.69.  Invocation command line was

  $ configure 

## --------- ##
## Platform. ##
## --------- ##

hostname = ubuntu-server
uname -m = i686
uname -r = 3.5.0-21-generic
uname -s = Linux
uname -v = #32-Ubuntu SMP Tue Dec 11 18:52:46 UTC 2012

/usr/bin/uname -p = unknown
/bin/uname -X     = unknown

/bin/arch              = unknown
/usr/bin/arch -k       = unknown
/usr/convex/getsysinfo = unknown
/usr/bin/hostinfo      = unknown
/bin/machine           = unknown
/usr/bin/oslevel       = unknown
/bin/universe          = unknown

PATH: /usr/lib/lightdm/lightdm
PATH: /usr/local/sbin
PATH: /usr/local/bin
PATH: /usr/sbin
PATH: /usr/bin
PATH: /sbin
PATH: /bin
PATH: /usr/games
PATH: /usr/local/games


## ----------- ##
## Core tests. ##
## ----------- ##

configure:1761: checking build system type
configure:1775: result: i686-pc-linux-gnu
configure:1795: checking host system type
configure:1808: result: i686-pc-linux-gnu
configure:1828: checking target system type
configure:1841: result: i686-pc-linux-gnu
configure:1884: checking for a BSD-compatible install
configure:1952: result: /usr/bin/install -c
configure:1963: checking whether build environment is sane
configure:2013: result: yes
configure:2154: checking for a thread-safe mkdir -p
configure:2193: result: /bin/mkdir -p
configure:2206: checking for gawk
configure:2222: found /usr/bin/gawk
configure:2233: result: gawk
configure:2244: checking whether make sets $(MAKE)
configure:2266: result: yes
configure:2347: checking whether to enable maintainer-specific portions of Makefiles
configure:2356: result: no
configure:2374: checking for pkg-config
configure:2392: found /usr/bin/pkg-config
configure:2405: result: /usr/bin/pkg-config
configure:2419: checking for mono
configure:2437: found /usr/bin/mono
configure:2450: result: /usr/bin/mono
configure:2464: checking for dylandotnet
configure:2482: found /usr/local/bin/dylandotnet
configure:2495: result: /usr/local/bin/dylandotnet
configure:2511: checking for dylandotnet4
configure:2529: found /usr/local/bin/dylandotnet4
configure:2542: result: /usr/local/bin/dylandotnet4
configure:2557: checking for mdoc
configure:2575: found /usr/bin/mdoc
configure:2588: result: /usr/bin/mdoc
configure:2759: creating ./config.status

## ---------------------- ##
## Running config.status. ##
## ---------------------- ##

This file was extended by dylandotnet-lzw config.status 1.2.0.0, which was
generated by GNU Autoconf 2.69.  Invocation command line was

  CONFIG_FILES    = 
  CONFIG_HEADERS  = 
  CONFIG_LINKS    = 
  CONFIG_COMMANDS = 
  $ ./config.status 

on ubuntu-server

config.status:758: creating Makefile

## ---------------- ##
## Cache variables. ##
## ---------------- ##

ac_cv_build=i686-pc-linux-gnu
ac_cv_env_build_alias_set=
ac_cv_env_build_alias_value=
ac_cv_env_host_alias_set=
ac_cv_env_host_alias_value=
ac_cv_env_target_alias_set=
ac_cv_env_target_alias_value=
ac_cv_host=i686-pc-linux-gnu
ac_cv_path_DYLANDOTNET4=/usr/local/bin/dylandotnet4
ac_cv_path_DYLANDOTNET=/usr/local/bin/dylandotnet
ac_cv_path_MDOC=/usr/bin/mdoc
ac_cv_path_MONO=/usr/bin/mono
ac_cv_path_PKG_CONFIG=/usr/bin/pkg-config
ac_cv_path_install='/usr/bin/install -c'
ac_cv_path_mkdir=/bin/mkdir
ac_cv_prog_AWK=gawk
ac_cv_prog_make_make_set=yes
ac_cv_target=i686-pc-linux-gnu

## ----------------- ##
## Output variables. ##
## ----------------- ##

ACLOCAL='${SHELL} /var/www/Code/dylannet/dylandotnet/lzw/missing --run aclocal-1.11'
AMTAR='$${TAR-tar}'
AUTOCONF='${SHELL} /var/www/Code/dylannet/dylandotnet/lzw/missing --run autoconf'
AUTOHEADER='${SHELL} /var/www/Code/dylannet/dylandotnet/lzw/missing --run autoheader'
AUTOMAKE='${SHELL} /var/www/Code/dylannet/dylandotnet/lzw/missing --run automake-1.11'
AWK='gawk'
CYGPATH_W='echo'
DEFS='-DPACKAGE_NAME=\"dylandotnet-lzw\" -DPACKAGE_TARNAME=\"dylandotnet-lzw\" -DPACKAGE_VERSION=\"1.2.0.0\" -DPACKAGE_STRING=\"dylandotnet-lzw\ 1.2.0.0\" -DPACKAGE_BUGREPORT=\"borgdylan@hotmail.com\" -DPACKAGE_URL=\"\" -DPACKAGE=\"dylandotnet-lzw\" -DVERSION=\"1.2.0.0\"'
DYLANDOTNET4='/usr/local/bin/dylandotnet4'
DYLANDOTNET='/usr/local/bin/dylandotnet'
ECHO_C=''
ECHO_N='-n'
ECHO_T=''
INSTALL_DATA='${INSTALL} -m 644'
INSTALL_PROGRAM='${INSTALL}'
INSTALL_SCRIPT='${INSTALL}'
INSTALL_STRIP_PROGRAM='$(install_sh) -c -s'
LIBOBJS=''
LIBS=''
LTLIBOBJS=''
MAINT='#'
MAINTAINER_MODE_FALSE=''
MAINTAINER_MODE_TRUE='#'
MAKEINFO='${SHELL} /var/www/Code/dylannet/dylandotnet/lzw/missing --run makeinfo'
MDOC='/usr/bin/mdoc'
MKDIR_P='/bin/mkdir -p'
MONO='/usr/bin/mono'
PACKAGE='dylandotnet-lzw'
PACKAGE_BUGREPORT='borgdylan@hotmail.com'
PACKAGE_NAME='dylandotnet-lzw'
PACKAGE_STRING='dylandotnet-lzw 1.2.0.0'
PACKAGE_TARNAME='dylandotnet-lzw'
PACKAGE_URL=''
PACKAGE_VERSION='1.2.0.0'
PATH_SEPARATOR=':'
PKG_CONFIG='/usr/bin/pkg-config'
SET_MAKE=''
SHELL='/bin/bash'
STRIP=''
VERSION='1.2.0.0'
am__isrc=''
am__leading_dot='.'
am__tar='$${TAR-tar} chof - "$$tardir"'
am__untar='$${TAR-tar} xf -'
bindir='${exec_prefix}/bin'
build='i686-pc-linux-gnu'
build_alias=''
build_cpu='i686'
build_os='linux-gnu'
build_vendor='pc'
datadir='${datarootdir}'
datarootdir='${prefix}/share'
docdir='${datarootdir}/doc/${PACKAGE_TARNAME}'
dvidir='${docdir}'
exec_prefix='${prefix}'
host='i686-pc-linux-gnu'
host_alias=''
host_cpu='i686'
host_os='linux-gnu'
host_vendor='pc'
htmldir='${docdir}'
includedir='${prefix}/include'
infodir='${datarootdir}/info'
install_sh='${SHELL} /var/www/Code/dylannet/dylandotnet/lzw/install-sh'
libdir='${exec_prefix}/lib'
libexecdir='${exec_prefix}/libexec'
localedir='${datarootdir}/locale'
localstatedir='${prefix}/var'
mandir='${datarootdir}/man'
mkdir_p='/bin/mkdir -p'
oldincludedir='/usr/include'
pdfdir='${docdir}'
prefix='/usr/local'
program_transform_name='s,x,x,'
psdir='${docdir}'
sbindir='${exec_prefix}/sbin'
sharedstatedir='${prefix}/com'
sysconfdir='${prefix}/etc'
target='i686-pc-linux-gnu'
target_alias=''
target_cpu='i686'
target_os='linux-gnu'
target_vendor='pc'

## ----------- ##
## confdefs.h. ##
## ----------- ##

/* confdefs.h */
#define PACKAGE_NAME "dylandotnet-lzw"
#define PACKAGE_TARNAME "dylandotnet-lzw"
#define PACKAGE_VERSION "1.2.0.0"
#define PACKAGE_STRING "dylandotnet-lzw 1.2.0.0"
#define PACKAGE_BUGREPORT "borgdylan@hotmail.com"
#define PACKAGE_URL ""
#define PACKAGE "dylandotnet-lzw"
#define VERSION "1.2.0.0"

configure: exit 0
