This file contains any messages produced by compilers while
running configure, to aid debugging if configure makes a mistake.

It was created by dylandotnet configure 11.2.7.2, which was
generated by GNU Autoconf 2.67.  Invocation command line was

  $ configure 

## --------- ##
## Platform. ##
## --------- ##

hostname = DYLANLAPTOP
uname -m = i686
uname -r = 1.0.17(0.48/3/2)
uname -s = MINGW32_NT-6.1
uname -v = 2011-04-24 23:39

/usr/bin/uname -p = unknown
/bin/uname -X     = unknown

/bin/arch              = unknown
/usr/bin/arch -k       = unknown
/usr/convex/getsysinfo = unknown
/usr/bin/hostinfo      = unknown
/bin/machine           = unknown
/usr/bin/oslevel       = unknown
/bin/universe          = unknown

PATH: /c/Program Files/Common Files/Microsoft Shared/Windows Live
PATH: /c/Windows/system32
PATH: /c/Windows
PATH: /c/Windows/System32/Wbem
PATH: /c/Windows/System32/WindowsPowerShell/v1.0/
PATH: /e/VS/dylan.NET Compiler/dylan.NET Compiler/bin/Debug
PATH: /c/Users/User/Desktop/utils
PATH: /c/Program Files/WIDCOMM/Bluetooth Software/
PATH: /c/Program Files/Windows Live/Shared
PATH: /c/Program Files/QuickTime/QTSystem/
PATH: /mingw/bin
PATH: /mingw/mingw32/bin
PATH: /usr/bin
PATH: /c/Program Files/Microsoft.NET/SDK/v2.0/Bin
PATH: /c/Program Files/Microsoft.NET/SDK/v2.0/GuiDebug
PATH: /c/Program Files/Mono-2.10/bin


## ----------- ##
## Core tests. ##
## ----------- ##

configure:1733: checking build system type
configure:1747: result: i686-pc-mingw32
configure:1767: checking host system type
configure:1780: result: i686-pc-mingw32
configure:1800: checking target system type
configure:1813: result: i686-pc-mingw32
configure:1856: checking for a BSD-compatible install
configure:1924: result: /usr/bin/install -c
configure:1935: checking whether build environment is sane
configure:1985: result: yes
configure:2126: checking for a thread-safe mkdir -p
configure:2165: result: /usr/bin/mkdir -p
configure:2178: checking for gawk
configure:2194: found /usr/bin/gawk
configure:2205: result: gawk
configure:2216: checking whether make sets $(MAKE)
configure:2238: result: yes
configure:2319: checking whether to enable maintainer-specific portions of Makefiles
configure:2328: result: no
configure:2346: checking for pkg-config
configure:2364: found /c/Program Files/Mono-2.10/bin/pkg-config
configure:2377: result: /c/Program Files/Mono-2.10/bin/pkg-config
configure:2391: checking for mono
configure:2409: found /c/Program Files/Mono-2.10/bin/mono
configure:2422: result: /c/Program Files/Mono-2.10/bin/mono
configure:2436: checking for dylandotnet
configure:2467: result: no
configure:2477: WARNING: dylan.NET compiler is not installed...This build system has one built-in.
configure:2627: creating ./config.status

## ---------------------- ##
## Running config.status. ##
## ---------------------- ##

This file was extended by dylandotnet config.status 11.2.7.2, which was
generated by GNU Autoconf 2.67.  Invocation command line was

  CONFIG_FILES    = 
  CONFIG_HEADERS  = 
  CONFIG_LINKS    = 
  CONFIG_COMMANDS = 
  $ ./config.status 

on DYLANLAPTOP

config.status:765: creating Makefile

## ---------------- ##
## Cache variables. ##
## ---------------- ##

ac_cv_build=i686-pc-mingw32
ac_cv_env_build_alias_set=
ac_cv_env_build_alias_value=
ac_cv_env_host_alias_set=
ac_cv_env_host_alias_value=
ac_cv_env_target_alias_set=
ac_cv_env_target_alias_value=
ac_cv_host=i686-pc-mingw32
ac_cv_path_DYLANDOTNET=no
ac_cv_path_install='/usr/bin/install -c'
ac_cv_path_mkdir=/usr/bin/mkdir
ac_cv_path_MONO='/c/Program Files/Mono-2.10/bin/mono'
ac_cv_path_PKG_CONFIG='/c/Program Files/Mono-2.10/bin/pkg-config'
ac_cv_prog_AWK=gawk
ac_cv_prog_make_make_set=yes
ac_cv_target=i686-pc-mingw32

## ----------------- ##
## Output variables. ##
## ----------------- ##

ACLOCAL='${SHELL} /e/Code/dylannet/compiler/missing --run aclocal-1.11'
am__isrc=''
am__leading_dot='.'
am__tar='${AMTAR} chof - "$$tardir"'
am__untar='${AMTAR} xf -'
AMTAR='${SHELL} /e/Code/dylannet/compiler/missing --run tar'
AUTOCONF='${SHELL} /e/Code/dylannet/compiler/missing --run autoconf'
AUTOHEADER='${SHELL} /e/Code/dylannet/compiler/missing --run autoheader'
AUTOMAKE='${SHELL} /e/Code/dylannet/compiler/missing --run automake-1.11'
AWK='gawk'
bindir='${exec_prefix}/bin'
build_alias=''
build_cpu='i686'
build_os='mingw32'
build_vendor='pc'
build='i686-pc-mingw32'
CYGPATH_W='echo'
datadir='${datarootdir}'
datarootdir='${prefix}/share'
DEFS='-DPACKAGE_NAME=\"dylandotnet\" -DPACKAGE_TARNAME=\"dylandotnet\" -DPACKAGE_VERSION=\"11.2.7.2\" -DPACKAGE_STRING=\"dylandotnet\ 11.2.7.2\" -DPACKAGE_BUGREPORT=\"borgdylan@hotmail.com\" -DPACKAGE_URL=\"\" -DPACKAGE=\"dylandotnet\" -DVERSION=\"11.2.7.2\"'
docdir='${datarootdir}/doc/${PACKAGE_TARNAME}'
dvidir='${docdir}'
DYLANDOTNET='no'
ECHO_C=''
ECHO_N='-n'
ECHO_T=''
exec_prefix='${prefix}'
host_alias=''
host_cpu='i686'
host_os='mingw32'
host_vendor='pc'
host='i686-pc-mingw32'
htmldir='${docdir}'
includedir='${prefix}/include'
infodir='${datarootdir}/info'
INSTALL_DATA='${INSTALL} -m 644'
INSTALL_PROGRAM='${INSTALL}'
INSTALL_SCRIPT='${INSTALL}'
install_sh='${SHELL} /e/Code/dylannet/compiler/install-sh'
INSTALL_STRIP_PROGRAM='$(install_sh) -c -s'
libdir='${exec_prefix}/lib'
libexecdir='${exec_prefix}/libexec'
LIBOBJS=''
LIBS=''
localedir='${datarootdir}/locale'
localstatedir='${prefix}/var'
LTLIBOBJS=''
MAINT='#'
MAINTAINER_MODE_FALSE=''
MAINTAINER_MODE_TRUE='#'
MAKEINFO='${SHELL} /e/Code/dylannet/compiler/missing --run makeinfo'
mandir='${datarootdir}/man'
MKDIR_P='/usr/bin/mkdir -p'
mkdir_p='/usr/bin/mkdir -p'
MONO='/c/Program Files/Mono-2.10/bin/mono'
oldincludedir='/usr/include'
PACKAGE_BUGREPORT='borgdylan@hotmail.com'
PACKAGE_NAME='dylandotnet'
PACKAGE_STRING='dylandotnet 11.2.7.2'
PACKAGE_TARNAME='dylandotnet'
PACKAGE_URL=''
PACKAGE_VERSION='11.2.7.2'
PACKAGE='dylandotnet'
PATH_SEPARATOR=':'
pdfdir='${docdir}'
PKG_CONFIG='/c/Program Files/Mono-2.10/bin/pkg-config'
prefix='/usr/local'
program_transform_name='s,x,x,'
psdir='${docdir}'
sbindir='${exec_prefix}/sbin'
SET_MAKE=''
sharedstatedir='${prefix}/com'
SHELL='/bin/sh'
STRIP=''
sysconfdir='${prefix}/etc'
target_alias=''
target_cpu='i686'
target_os='mingw32'
target_vendor='pc'
target='i686-pc-mingw32'
VERSION='11.2.7.2'

## ----------- ##
## confdefs.h. ##
## ----------- ##

/* confdefs.h */
#define PACKAGE_NAME "dylandotnet"
#define PACKAGE_TARNAME "dylandotnet"
#define PACKAGE_VERSION "11.2.7.2"
#define PACKAGE_STRING "dylandotnet 11.2.7.2"
#define PACKAGE_BUGREPORT "borgdylan@hotmail.com"
#define PACKAGE_URL ""
#define PACKAGE "dylandotnet"
#define VERSION "11.2.7.2"

configure: exit 0
